{"numFailedTestSuites":1,"numFailedTests":1,"numPassedTestSuites":1,"numPassedTests":12,"numPendingTestSuites":0,"numPendingTests":0,"numRuntimeErrorTestSuites":0,"numTodoTests":0,"numTotalTestSuites":2,"numTotalTests":13,"openHandles":[],"snapshot":{"added":0,"didUpdate":false,"failure":false,"filesAdded":0,"filesRemoved":0,"filesRemovedList":[],"filesUnmatched":0,"filesUpdated":0,"matched":0,"total":0,"unchecked":0,"uncheckedKeysByFile":[],"unmatched":0,"updated":0},"startTime":1776872590920,"success":false,"testResults":[{"assertionResults":[{"ancestorTitles":["sum utility [@describeTag]"],"duration":2,"failureDetails":[],"failureMessages":[],"fullName":"sum utility [@describeTag] adds two numbers [@tc:251 @testTag]","invocations":1,"location":null,"numPassingAsserts":1,"retryReasons":[],"status":"passed","title":"adds two numbers [@tc:251 @testTag]"},{"ancestorTitles":["sum utility [@describeTag]"],"duration":1,"failureDetails":[],"failureMessages":[],"fullName":"sum utility [@describeTag] adds negative numbers [@tc:252 @important]","invocations":1,"location":null,"numPassingAsserts":1,"retryReasons":[],"status":"passed","title":"adds negative numbers [@tc:252 @important]"},{"ancestorTitles":["sum utility [@describeTag]"],"duration":1,"failureDetails":[],"failureMessages":[],"fullName":"sum utility [@describeTag] adds other numbers [@tc:253]","invocations":1,"location":null,"numPassingAsserts":1,"retryReasons":[],"status":"passed","title":"adds other numbers [@tc:253]"},{"ancestorTitles":["sum utility [@describeTag]"],"duration":0,"failureDetails":[],"failureMessages":[],"fullName":"sum utility [@describeTag] adds 1 and 2 to equal 3 [@tc:262]","invocations":1,"location":null,"numPassingAsserts":1,"retryReasons":[],"status":"passed","title":"adds 1 and 2 to equal 3 [@tc:262]"},{"ancestorTitles":["sum utility [@describeTag]"],"duration":0,"failureDetails":[],"failureMessages":[],"fullName":"sum utility [@describeTag] adds 0 and 0 to equal 0 [@tc:262]","invocations":1,"location":null,"numPassingAsserts":1,"retryReasons":[],"status":"passed","title":"adds 0 and 0 to equal 0 [@tc:262]"},{"ancestorTitles":["sum utility [@describeTag]"],"duration":0,"failureDetails":[],"failureMessages":[],"fullName":"sum utility [@describeTag] adds -3 and 7 to equal 4 [@tc:262]","invocations":1,"location":null,"numPassingAsserts":1,"retryReasons":[],"status":"passed","title":"adds -3 and 7 to equal 4 [@tc:262]"},{"ancestorTitles":["isEven utility"],"duration":0,"failureDetails":[],"failureMessages":[],"fullName":"isEven utility returns true for even values [@tc:254]","invocations":1,"location":null,"numPassingAsserts":1,"retryReasons":[],"status":"passed","title":"returns true for even values [@tc:254]"},{"ancestorTitles":["isEven utility"],"duration":0,"failureDetails":[],"failureMessages":[],"fullName":"isEven utility returns false for odd values like 1 [@tc:263]","invocations":1,"location":null,"numPassingAsserts":1,"retryReasons":[],"status":"passed","title":"returns false for odd values like 1 [@tc:263]"},{"ancestorTitles":["isEven utility"],"duration":1,"failureDetails":[],"failureMessages":[],"fullName":"isEven utility returns false for odd values like 3 [@tc:263]","invocations":1,"location":null,"numPassingAsserts":1,"retryReasons":[],"status":"passed","title":"returns false for odd values like 3 [@tc:263]"},{"ancestorTitles":["isEven utility"],"duration":0,"failureDetails":[],"failureMessages":[],"fullName":"isEven utility returns false for odd values like 5 [@tc:263]","invocations":1,"location":null,"numPassingAsserts":1,"retryReasons":[],"status":"passed","title":"returns false for odd values like 5 [@tc:263]"},{"ancestorTitles":["isEven utility"],"duration":2,"failureDetails":[{"matcherResult":{"actual":false,"expected":true,"message":"\u001b[2mexpect(\u001b[22m\u001b[31mreceived\u001b[39m\u001b[2m).\u001b[22mtoBe\u001b[2m(\u001b[22m\u001b[32mexpected\u001b[39m\u001b[2m) // Object.is equality\u001b[22m\n\nExpected: \u001b[32mtrue\u001b[39m\nReceived: \u001b[31mfalse\u001b[39m","name":"toBe","pass":false}}],"failureMessages":["Error: \u001b[2mexpect(\u001b[22m\u001b[31mreceived\u001b[39m\u001b[2m).\u001b[22mtoBe\u001b[2m(\u001b[22m\u001b[32mexpected\u001b[39m\u001b[2m) // Object.is equality\u001b[22m\n\nExpected: \u001b[32mtrue\u001b[39m\nReceived: \u001b[31mfalse\u001b[39m\n    at Object.toBe (W:\\SpecSync\\SpecSync\\Plugins\\jest-test-source-plugin\\SampleProject\\src\\sum.test.ts:35:23)\n    at Promise.then.completed (W:\\SpecSync\\SpecSync\\Plugins\\jest-test-source-plugin\\SampleProject\\node_modules\\jest-circus\\build\\utils.js:298:28)\n    at new Promise (<anonymous>)\n    at callAsyncCircusFn (W:\\SpecSync\\SpecSync\\Plugins\\jest-test-source-plugin\\SampleProject\\node_modules\\jest-circus\\build\\utils.js:231:10)\n    at _callCircusTest (W:\\SpecSync\\SpecSync\\Plugins\\jest-test-source-plugin\\SampleProject\\node_modules\\jest-circus\\build\\run.js:316:40)\n    at _runTest (W:\\SpecSync\\SpecSync\\Plugins\\jest-test-source-plugin\\SampleProject\\node_modules\\jest-circus\\build\\run.js:252:3)\n    at _runTestsForDescribeBlock (W:\\SpecSync\\SpecSync\\Plugins\\jest-test-source-plugin\\SampleProject\\node_modules\\jest-circus\\build\\run.js:126:9)\n    at _runTestsForDescribeBlock (W:\\SpecSync\\SpecSync\\Plugins\\jest-test-source-plugin\\SampleProject\\node_modules\\jest-circus\\build\\run.js:121:9)\n    at run (W:\\SpecSync\\SpecSync\\Plugins\\jest-test-source-plugin\\SampleProject\\node_modules\\jest-circus\\build\\run.js:71:3)\n    at runAndTransformResultsToJestFormat (W:\\SpecSync\\SpecSync\\Plugins\\jest-test-source-plugin\\SampleProject\\node_modules\\jest-circus\\build\\legacy-code-todo-rewrite\\jestAdapterInit.js:122:21)\n    at jestAdapter (W:\\SpecSync\\SpecSync\\Plugins\\jest-test-source-plugin\\SampleProject\\node_modules\\jest-circus\\build\\legacy-code-todo-rewrite\\jestAdapter.js:79:19)\n    at runTestInternal (W:\\SpecSync\\SpecSync\\Plugins\\jest-test-source-plugin\\SampleProject\\node_modules\\jest-runner\\build\\runTest.js:367:16)\n    at runTest (W:\\SpecSync\\SpecSync\\Plugins\\jest-test-source-plugin\\SampleProject\\node_modules\\jest-runner\\build\\runTest.js:444:34)"],"fullName":"isEven utility returns false for odd numbers (failing) [@tc:255]","invocations":1,"location":null,"numPassingAsserts":0,"retryReasons":[],"status":"failed","title":"returns false for odd numbers (failing) [@tc:255]"}],"endTime":1776872592109,"message":"\u001b[1m\u001b[31m  \u001b[1m● \u001b[22m\u001b[1misEven utility › returns false for odd numbers (failing) [@tc:255]\u001b[39m\u001b[22m\n\n    \u001b[2mexpect(\u001b[22m\u001b[31mreceived\u001b[39m\u001b[2m).\u001b[22mtoBe\u001b[2m(\u001b[22m\u001b[32mexpected\u001b[39m\u001b[2m) // Object.is equality\u001b[22m\n\n    Expected: \u001b[32mtrue\u001b[39m\n    Received: \u001b[31mfalse\u001b[39m\n\u001b[2m\u001b[22m\n\u001b[2m    \u001b[0m \u001b[90m 33 |\u001b[39m\u001b[22m\n\u001b[2m     \u001b[90m 34 |\u001b[39m   test(\u001b[32m\"returns false for odd numbers (failing) [@tc:255]\"\u001b[39m\u001b[33m,\u001b[39m () \u001b[33m=>\u001b[39m {\u001b[22m\n\u001b[2m    \u001b[31m\u001b[1m>\u001b[22m\u001b[2m\u001b[39m\u001b[90m 35 |\u001b[39m     expect(isEven(\u001b[35m3\u001b[39m))\u001b[33m.\u001b[39mtoBe(\u001b[36mtrue\u001b[39m)\u001b[33m;\u001b[39m\u001b[22m\n\u001b[2m     \u001b[90m    |\u001b[39m                       \u001b[31m\u001b[1m^\u001b[22m\u001b[2m\u001b[39m\u001b[22m\n\u001b[2m     \u001b[90m 36 |\u001b[39m   })\u001b[33m;\u001b[39m\u001b[22m\n\u001b[2m     \u001b[90m 37 |\u001b[39m })\u001b[33m;\u001b[39m\u001b[22m\n\u001b[2m     \u001b[90m 38 |\u001b[39m\u001b[0m\u001b[22m\n\u001b[2m\u001b[22m\n\u001b[2m      \u001b[2mat Object.toBe (\u001b[22m\u001b[2m\u001b[0m\u001b[36msrc/sum.test.ts\u001b[39m\u001b[0m\u001b[2m:35:23)\u001b[22m\u001b[2m\u001b[22m\n","name":"W:\\SpecSync\\SpecSync\\Plugins\\jest-test-source-plugin\\SampleProject\\src\\sum.test.ts","startTime":1776872591383,"status":"failed","summary":""},{"assertionResults":[{"ancestorTitles":["App rendering"],"duration":57,"failureDetails":[],"failureMessages":[],"fullName":"App rendering shows the default heading","invocations":1,"location":null,"numPassingAsserts":1,"retryReasons":[],"status":"passed","title":"shows the default heading"},{"ancestorTitles":["App rendering"],"duration":11,"failureDetails":[],"failureMessages":[],"fullName":"App rendering lists the sample investigation items","invocations":1,"location":null,"numPassingAsserts":1,"retryReasons":[],"status":"passed","title":"lists the sample investigation items"}],"endTime":1776872592325,"message":"","name":"W:\\SpecSync\\SpecSync\\Plugins\\jest-test-source-plugin\\SampleProject\\src\\App.test.tsx","startTime":1776872592124,"status":"passed","summary":""}],"wasInterrupted":false}
